<?xml version="1.0" encoding="UTF-8"?>
<testsuite xmlns:xsi="http://www.w3.org/2001/XMLSchema-instance" xsi:noNamespaceSchemaLocation="https://maven.apache.org/surefire/maven-surefire-plugin/xsd/surefire-test-report-3.0.xsd" version="3.0" name="TestSuite" time="177.692" tests="4" errors="0" skipped="0" failures="0">
  <properties>
    <property name="sun.desktop" value="windows"/>
    <property name="awt.toolkit" value="sun.awt.windows.WToolkit"/>
    <property name="file.encoding.pkg" value="sun.io"/>
    <property name="java.specification.version" value="1.8"/>
    <property name="sun.cpu.isalist" value="amd64"/>
    <property name="sun.jnu.encoding" value="Cp1252"/>
    <property name="java.class.path" value="D:\selenium\pro1\frameworkbuilding\target\test-classes;D:\selenium\pro1\frameworkbuilding\target\classes;C:\Users\lenovo-pc\.m2\repository\junit\junit\3.8.1\junit-3.8.1.jar;C:\Users\lenovo-pc\.m2\repository\org\seleniumhq\selenium\selenium-java\4.0.0-alpha-5\selenium-java-4.0.0-alpha-5.jar;C:\Users\lenovo-pc\.m2\repository\org\seleniumhq\selenium\selenium-api\4.0.0-alpha-5\selenium-api-4.0.0-alpha-5.jar;C:\Users\lenovo-pc\.m2\repository\org\seleniumhq\selenium\selenium-chrome-driver\4.0.0-alpha-5\selenium-chrome-driver-4.0.0-alpha-5.jar;C:\Users\lenovo-pc\.m2\repository\com\google\auto\service\auto-service-annotations\1.0-rc6\auto-service-annotations-1.0-rc6.jar;C:\Users\lenovo-pc\.m2\repository\com\google\auto\service\auto-service\1.0-rc6\auto-service-1.0-rc6.jar;C:\Users\lenovo-pc\.m2\repository\com\google\auto\auto-common\0.10\auto-common-0.10.jar;C:\Users\lenovo-pc\.m2\repository\com\google\guava\guava\28.2-jre\guava-28.2-jre.jar;C:\Users\lenovo-pc\.m2\repository\com\google\guava\failureaccess\1.0.1\failureaccess-1.0.1.jar;C:\Users\lenovo-pc\.m2\repository\com\google\guava\listenablefuture\9999.0-empty-to-avoid-conflict-with-guava\listenablefuture-9999.0-empty-to-avoid-conflict-with-guava.jar;C:\Users\lenovo-pc\.m2\repository\com\google\code\findbugs\jsr305\3.0.2\jsr305-3.0.2.jar;C:\Users\lenovo-pc\.m2\repository\org\checkerframework\checker-qual\2.10.0\checker-qual-2.10.0.jar;C:\Users\lenovo-pc\.m2\repository\com\google\errorprone\error_prone_annotations\2.3.4\error_prone_annotations-2.3.4.jar;C:\Users\lenovo-pc\.m2\repository\com\google\j2objc\j2objc-annotations\1.3\j2objc-annotations-1.3.jar;C:\Users\lenovo-pc\.m2\repository\org\seleniumhq\selenium\selenium-chromium-driver\4.0.0-alpha-5\selenium-chromium-driver-4.0.0-alpha-5.jar;C:\Users\lenovo-pc\.m2\repository\org\seleniumhq\selenium\selenium-devtools\4.0.0-alpha-5\selenium-devtools-4.0.0-alpha-5.jar;C:\Users\lenovo-pc\.m2\repository\org\seleniumhq\selenium\selenium-http\4.0.0-alpha-5\selenium-http-4.0.0-alpha-5.jar;C:\Users\lenovo-pc\.m2\repository\org\seleniumhq\selenium\selenium-json\4.0.0-alpha-5\selenium-json-4.0.0-alpha-5.jar;C:\Users\lenovo-pc\.m2\repository\org\seleniumhq\selenium\selenium-edge-driver\4.0.0-alpha-5\selenium-edge-driver-4.0.0-alpha-5.jar;C:\Users\lenovo-pc\.m2\repository\org\seleniumhq\selenium\selenium-edgehtml-driver\4.0.0-alpha-5\selenium-edgehtml-driver-4.0.0-alpha-5.jar;C:\Users\lenovo-pc\.m2\repository\org\seleniumhq\selenium\selenium-firefox-driver\4.0.0-alpha-5\selenium-firefox-driver-4.0.0-alpha-5.jar;C:\Users\lenovo-pc\.m2\repository\org\seleniumhq\selenium\selenium-firefox-xpi-driver\4.0.0-alpha-5\selenium-firefox-xpi-driver-4.0.0-alpha-5.jar;C:\Users\lenovo-pc\.m2\repository\org\seleniumhq\selenium\selenium-ie-driver\4.0.0-alpha-5\selenium-ie-driver-4.0.0-alpha-5.jar;C:\Users\lenovo-pc\.m2\repository\org\seleniumhq\selenium\selenium-opera-driver\4.0.0-alpha-5\selenium-opera-driver-4.0.0-alpha-5.jar;C:\Users\lenovo-pc\.m2\repository\org\seleniumhq\selenium\selenium-remote-driver\4.0.0-alpha-5\selenium-remote-driver-4.0.0-alpha-5.jar;C:\Users\lenovo-pc\.m2\repository\com\squareup\okhttp3\okhttp\4.4.1\okhttp-4.4.1.jar;C:\Users\lenovo-pc\.m2\repository\org\jetbrains\kotlin\kotlin-stdlib\1.3.61\kotlin-stdlib-1.3.61.jar;C:\Users\lenovo-pc\.m2\repository\org\jetbrains\annotations\13.0\annotations-13.0.jar;C:\Users\lenovo-pc\.m2\repository\com\squareup\okio\okio\2.4.3\okio-2.4.3.jar;C:\Users\lenovo-pc\.m2\repository\org\jetbrains\kotlin\kotlin-stdlib-common\1.3.61\kotlin-stdlib-common-1.3.61.jar;C:\Users\lenovo-pc\.m2\repository\com\typesafe\netty\netty-reactive-streams\2.0.4\netty-reactive-streams-2.0.4.jar;C:\Users\lenovo-pc\.m2\repository\io\netty\netty-handler\4.1.43.Final\netty-handler-4.1.43.Final.jar;C:\Users\lenovo-pc\.m2\repository\org\reactivestreams\reactive-streams\1.0.3\reactive-streams-1.0.3.jar;C:\Users\lenovo-pc\.m2\repository\io\netty\netty-buffer\4.1.47.Final\netty-buffer-4.1.47.Final.jar;C:\Users\lenovo-pc\.m2\repository\io\netty\netty-common\4.1.47.Final\netty-common-4.1.47.Final.jar;C:\Users\lenovo-pc\.m2\repository\io\netty\netty-codec-http\4.1.47.Final\netty-codec-http-4.1.47.Final.jar;C:\Users\lenovo-pc\.m2\repository\io\netty\netty-codec\4.1.47.Final\netty-codec-4.1.47.Final.jar;C:\Users\lenovo-pc\.m2\repository\io\netty\netty-transport-native-epoll\4.1.47.Final\netty-transport-native-epoll-4.1.47.Final.jar;C:\Users\lenovo-pc\.m2\repository\io\netty\netty-transport-native-epoll\4.1.47.Final\netty-transport-native-epoll-4.1.47.Final-linux-x86_64.jar;C:\Users\lenovo-pc\.m2\repository\io\netty\netty-transport-native-kqueue\4.1.47.Final\netty-transport-native-kqueue-4.1.47.Final.jar;C:\Users\lenovo-pc\.m2\repository\io\netty\netty-transport-native-kqueue\4.1.47.Final\netty-transport-native-kqueue-4.1.47.Final-osx-x86_64.jar;C:\Users\lenovo-pc\.m2\repository\io\netty\netty-transport-native-unix-common\4.1.47.Final\netty-transport-native-unix-common-4.1.47.Final.jar;C:\Users\lenovo-pc\.m2\repository\io\netty\netty-transport\4.1.47.Final\netty-transport-4.1.47.Final.jar;C:\Users\lenovo-pc\.m2\repository\io\netty\netty-resolver\4.1.47.Final\netty-resolver-4.1.47.Final.jar;C:\Users\lenovo-pc\.m2\repository\io\opentelemetry\opentelemetry-api\0.2.0\opentelemetry-api-0.2.0.jar;C:\Users\lenovo-pc\.m2\repository\io\grpc\grpc-context\1.24.0\grpc-context-1.24.0.jar;C:\Users\lenovo-pc\.m2\repository\net\bytebuddy\byte-buddy\1.10.8\byte-buddy-1.10.8.jar;C:\Users\lenovo-pc\.m2\repository\org\apache\commons\commons-exec\1.3\commons-exec-1.3.jar;C:\Users\lenovo-pc\.m2\repository\org\asynchttpclient\async-http-client\2.11.0\async-http-client-2.11.0.jar;C:\Users\lenovo-pc\.m2\repository\org\asynchttpclient\async-http-client-netty-utils\2.11.0\async-http-client-netty-utils-2.11.0.jar;C:\Users\lenovo-pc\.m2\repository\io\netty\netty-codec-socks\4.1.46.Final\netty-codec-socks-4.1.46.Final.jar;C:\Users\lenovo-pc\.m2\repository\io\netty\netty-handler-proxy\4.1.46.Final\netty-handler-proxy-4.1.46.Final.jar;C:\Users\lenovo-pc\.m2\repository\org\slf4j\slf4j-api\1.7.30\slf4j-api-1.7.30.jar;C:\Users\lenovo-pc\.m2\repository\com\sun\activation\javax.activation\1.2.0\javax.activation-1.2.0.jar;C:\Users\lenovo-pc\.m2\repository\org\seleniumhq\selenium\selenium-safari-driver\4.0.0-alpha-5\selenium-safari-driver-4.0.0-alpha-5.jar;C:\Users\lenovo-pc\.m2\repository\org\seleniumhq\selenium\selenium-support\4.0.0-alpha-5\selenium-support-4.0.0-alpha-5.jar;C:\Users\lenovo-pc\.m2\repository\org\testng\testng\7.1.0\testng-7.1.0.jar;C:\Users\lenovo-pc\.m2\repository\com\beust\jcommander\1.72\jcommander-1.72.jar;C:\Users\lenovo-pc\.m2\repository\com\google\inject\guice\4.1.0\guice-4.1.0-no_aop.jar;C:\Users\lenovo-pc\.m2\repository\javax\inject\javax.inject\1\javax.inject-1.jar;C:\Users\lenovo-pc\.m2\repository\aopalliance\aopalliance\1.0\aopalliance-1.0.jar;C:\Users\lenovo-pc\.m2\repository\org\yaml\snakeyaml\1.21\snakeyaml-1.21.jar;"/>
    <property name="java.vm.vendor" value="Oracle Corporation"/>
    <property name="sun.arch.data.model" value="64"/>
    <property name="user.variant" value=""/>
    <property name="java.vendor.url" value="http://java.oracle.com/"/>
    <property name="user.timezone" value="Asia/Calcutta"/>
    <property name="java.vm.specification.version" value="1.8"/>
    <property name="os.name" value="Windows 8.1"/>
    <property name="user.country" value="IN"/>
    <property name="sun.java.launcher" value="SUN_STANDARD"/>
    <property name="sun.boot.library.path" value="C:\Program Files\Java\jdk1.8.0_05\jre\bin"/>
    <property name="sun.java.command" value="C:\Users\lenovo-pc\AppData\Local\Temp\surefire2056416767792273063\surefirebooter3056720206398090335.jar C:\Users\lenovo-pc\AppData\Local\Temp\surefire2056416767792273063 2020-05-29T06-15-20_172-jvmRun1 surefire139732969215100564tmp surefire_01403548447341320258tmp"/>
    <property name="surefire.test.class.path" value="D:\selenium\pro1\frameworkbuilding\target\test-classes;D:\selenium\pro1\frameworkbuilding\target\classes;C:\Users\lenovo-pc\.m2\repository\junit\junit\3.8.1\junit-3.8.1.jar;C:\Users\lenovo-pc\.m2\repository\org\seleniumhq\selenium\selenium-java\4.0.0-alpha-5\selenium-java-4.0.0-alpha-5.jar;C:\Users\lenovo-pc\.m2\repository\org\seleniumhq\selenium\selenium-api\4.0.0-alpha-5\selenium-api-4.0.0-alpha-5.jar;C:\Users\lenovo-pc\.m2\repository\org\seleniumhq\selenium\selenium-chrome-driver\4.0.0-alpha-5\selenium-chrome-driver-4.0.0-alpha-5.jar;C:\Users\lenovo-pc\.m2\repository\com\google\auto\service\auto-service-annotations\1.0-rc6\auto-service-annotations-1.0-rc6.jar;C:\Users\lenovo-pc\.m2\repository\com\google\auto\service\auto-service\1.0-rc6\auto-service-1.0-rc6.jar;C:\Users\lenovo-pc\.m2\repository\com\google\auto\auto-common\0.10\auto-common-0.10.jar;C:\Users\lenovo-pc\.m2\repository\com\google\guava\guava\28.2-jre\guava-28.2-jre.jar;C:\Users\lenovo-pc\.m2\repository\com\google\guava\failureaccess\1.0.1\failureaccess-1.0.1.jar;C:\Users\lenovo-pc\.m2\repository\com\google\guava\listenablefuture\9999.0-empty-to-avoid-conflict-with-guava\listenablefuture-9999.0-empty-to-avoid-conflict-with-guava.jar;C:\Users\lenovo-pc\.m2\repository\com\google\code\findbugs\jsr305\3.0.2\jsr305-3.0.2.jar;C:\Users\lenovo-pc\.m2\repository\org\checkerframework\checker-qual\2.10.0\checker-qual-2.10.0.jar;C:\Users\lenovo-pc\.m2\repository\com\google\errorprone\error_prone_annotations\2.3.4\error_prone_annotations-2.3.4.jar;C:\Users\lenovo-pc\.m2\repository\com\google\j2objc\j2objc-annotations\1.3\j2objc-annotations-1.3.jar;C:\Users\lenovo-pc\.m2\repository\org\seleniumhq\selenium\selenium-chromium-driver\4.0.0-alpha-5\selenium-chromium-driver-4.0.0-alpha-5.jar;C:\Users\lenovo-pc\.m2\repository\org\seleniumhq\selenium\selenium-devtools\4.0.0-alpha-5\selenium-devtools-4.0.0-alpha-5.jar;C:\Users\lenovo-pc\.m2\repository\org\seleniumhq\selenium\selenium-http\4.0.0-alpha-5\selenium-http-4.0.0-alpha-5.jar;C:\Users\lenovo-pc\.m2\repository\org\seleniumhq\selenium\selenium-json\4.0.0-alpha-5\selenium-json-4.0.0-alpha-5.jar;C:\Users\lenovo-pc\.m2\repository\org\seleniumhq\selenium\selenium-edge-driver\4.0.0-alpha-5\selenium-edge-driver-4.0.0-alpha-5.jar;C:\Users\lenovo-pc\.m2\repository\org\seleniumhq\selenium\selenium-edgehtml-driver\4.0.0-alpha-5\selenium-edgehtml-driver-4.0.0-alpha-5.jar;C:\Users\lenovo-pc\.m2\repository\org\seleniumhq\selenium\selenium-firefox-driver\4.0.0-alpha-5\selenium-firefox-driver-4.0.0-alpha-5.jar;C:\Users\lenovo-pc\.m2\repository\org\seleniumhq\selenium\selenium-firefox-xpi-driver\4.0.0-alpha-5\selenium-firefox-xpi-driver-4.0.0-alpha-5.jar;C:\Users\lenovo-pc\.m2\repository\org\seleniumhq\selenium\selenium-ie-driver\4.0.0-alpha-5\selenium-ie-driver-4.0.0-alpha-5.jar;C:\Users\lenovo-pc\.m2\repository\org\seleniumhq\selenium\selenium-opera-driver\4.0.0-alpha-5\selenium-opera-driver-4.0.0-alpha-5.jar;C:\Users\lenovo-pc\.m2\repository\org\seleniumhq\selenium\selenium-remote-driver\4.0.0-alpha-5\selenium-remote-driver-4.0.0-alpha-5.jar;C:\Users\lenovo-pc\.m2\repository\com\squareup\okhttp3\okhttp\4.4.1\okhttp-4.4.1.jar;C:\Users\lenovo-pc\.m2\repository\org\jetbrains\kotlin\kotlin-stdlib\1.3.61\kotlin-stdlib-1.3.61.jar;C:\Users\lenovo-pc\.m2\repository\org\jetbrains\annotations\13.0\annotations-13.0.jar;C:\Users\lenovo-pc\.m2\repository\com\squareup\okio\okio\2.4.3\okio-2.4.3.jar;C:\Users\lenovo-pc\.m2\repository\org\jetbrains\kotlin\kotlin-stdlib-common\1.3.61\kotlin-stdlib-common-1.3.61.jar;C:\Users\lenovo-pc\.m2\repository\com\typesafe\netty\netty-reactive-streams\2.0.4\netty-reactive-streams-2.0.4.jar;C:\Users\lenovo-pc\.m2\repository\io\netty\netty-handler\4.1.43.Final\netty-handler-4.1.43.Final.jar;C:\Users\lenovo-pc\.m2\repository\org\reactivestreams\reactive-streams\1.0.3\reactive-streams-1.0.3.jar;C:\Users\lenovo-pc\.m2\repository\io\netty\netty-buffer\4.1.47.Final\netty-buffer-4.1.47.Final.jar;C:\Users\lenovo-pc\.m2\repository\io\netty\netty-common\4.1.47.Final\netty-common-4.1.47.Final.jar;C:\Users\lenovo-pc\.m2\repository\io\netty\netty-codec-http\4.1.47.Final\netty-codec-http-4.1.47.Final.jar;C:\Users\lenovo-pc\.m2\repository\io\netty\netty-codec\4.1.47.Final\netty-codec-4.1.47.Final.jar;C:\Users\lenovo-pc\.m2\repository\io\netty\netty-transport-native-epoll\4.1.47.Final\netty-transport-native-epoll-4.1.47.Final.jar;C:\Users\lenovo-pc\.m2\repository\io\netty\netty-transport-native-epoll\4.1.47.Final\netty-transport-native-epoll-4.1.47.Final-linux-x86_64.jar;C:\Users\lenovo-pc\.m2\repository\io\netty\netty-transport-native-kqueue\4.1.47.Final\netty-transport-native-kqueue-4.1.47.Final.jar;C:\Users\lenovo-pc\.m2\repository\io\netty\netty-transport-native-kqueue\4.1.47.Final\netty-transport-native-kqueue-4.1.47.Final-osx-x86_64.jar;C:\Users\lenovo-pc\.m2\repository\io\netty\netty-transport-native-unix-common\4.1.47.Final\netty-transport-native-unix-common-4.1.47.Final.jar;C:\Users\lenovo-pc\.m2\repository\io\netty\netty-transport\4.1.47.Final\netty-transport-4.1.47.Final.jar;C:\Users\lenovo-pc\.m2\repository\io\netty\netty-resolver\4.1.47.Final\netty-resolver-4.1.47.Final.jar;C:\Users\lenovo-pc\.m2\repository\io\opentelemetry\opentelemetry-api\0.2.0\opentelemetry-api-0.2.0.jar;C:\Users\lenovo-pc\.m2\repository\io\grpc\grpc-context\1.24.0\grpc-context-1.24.0.jar;C:\Users\lenovo-pc\.m2\repository\net\bytebuddy\byte-buddy\1.10.8\byte-buddy-1.10.8.jar;C:\Users\lenovo-pc\.m2\repository\org\apache\commons\commons-exec\1.3\commons-exec-1.3.jar;C:\Users\lenovo-pc\.m2\repository\org\asynchttpclient\async-http-client\2.11.0\async-http-client-2.11.0.jar;C:\Users\lenovo-pc\.m2\repository\org\asynchttpclient\async-http-client-netty-utils\2.11.0\async-http-client-netty-utils-2.11.0.jar;C:\Users\lenovo-pc\.m2\repository\io\netty\netty-codec-socks\4.1.46.Final\netty-codec-socks-4.1.46.Final.jar;C:\Users\lenovo-pc\.m2\repository\io\netty\netty-handler-proxy\4.1.46.Final\netty-handler-proxy-4.1.46.Final.jar;C:\Users\lenovo-pc\.m2\repository\org\slf4j\slf4j-api\1.7.30\slf4j-api-1.7.30.jar;C:\Users\lenovo-pc\.m2\repository\com\sun\activation\javax.activation\1.2.0\javax.activation-1.2.0.jar;C:\Users\lenovo-pc\.m2\repository\org\seleniumhq\selenium\selenium-safari-driver\4.0.0-alpha-5\selenium-safari-driver-4.0.0-alpha-5.jar;C:\Users\lenovo-pc\.m2\repository\org\seleniumhq\selenium\selenium-support\4.0.0-alpha-5\selenium-support-4.0.0-alpha-5.jar;C:\Users\lenovo-pc\.m2\repository\org\testng\testng\7.1.0\testng-7.1.0.jar;C:\Users\lenovo-pc\.m2\repository\com\beust\jcommander\1.72\jcommander-1.72.jar;C:\Users\lenovo-pc\.m2\repository\com\google\inject\guice\4.1.0\guice-4.1.0-no_aop.jar;C:\Users\lenovo-pc\.m2\repository\javax\inject\javax.inject\1\javax.inject-1.jar;C:\Users\lenovo-pc\.m2\repository\aopalliance\aopalliance\1.0\aopalliance-1.0.jar;C:\Users\lenovo-pc\.m2\repository\org\yaml\snakeyaml\1.21\snakeyaml-1.21.jar;"/>
    <property name="sun.cpu.endian" value="little"/>
    <property name="user.home" value="C:\Users\lenovo-pc"/>
    <property name="user.language" value="en"/>
    <property name="java.specification.vendor" value="Oracle Corporation"/>
    <property name="java.home" value="C:\Program Files\Java\jdk1.8.0_05\jre"/>
    <property name="basedir" value="D:\selenium\pro1\frameworkbuilding"/>
    <property name="file.separator" value="\"/>
    <property name="line.separator" value="&#10;"/>
    <property name="java.vm.specification.vendor" value="Oracle Corporation"/>
    <property name="java.specification.name" value="Java Platform API Specification"/>
    <property name="java.awt.graphicsenv" value="sun.awt.Win32GraphicsEnvironment"/>
    <property name="surefire.real.class.path" value="C:\Users\lenovo-pc\AppData\Local\Temp\surefire2056416767792273063\surefirebooter3056720206398090335.jar"/>
    <property name="sun.boot.class.path" value="C:\Program Files\Java\jdk1.8.0_05\jre\lib\resources.jar;C:\Program Files\Java\jdk1.8.0_05\jre\lib\rt.jar;C:\Program Files\Java\jdk1.8.0_05\jre\lib\sunrsasign.jar;C:\Program Files\Java\jdk1.8.0_05\jre\lib\jsse.jar;C:\Program Files\Java\jdk1.8.0_05\jre\lib\jce.jar;C:\Program Files\Java\jdk1.8.0_05\jre\lib\charsets.jar;C:\Program Files\Java\jdk1.8.0_05\jre\lib\jfr.jar;C:\Program Files\Java\jdk1.8.0_05\jre\classes"/>
    <property name="user.script" value=""/>
    <property name="sun.management.compiler" value="HotSpot 64-Bit Tiered Compilers"/>
    <property name="java.runtime.version" value="1.8.0_05-b13"/>
    <property name="user.name" value="lenovo-pc"/>
    <property name="path.separator" value=";"/>
    <property name="os.version" value="6.3"/>
    <property name="java.endorsed.dirs" value="C:\Program Files\Java\jdk1.8.0_05\jre\lib\endorsed"/>
    <property name="java.runtime.name" value="Java(TM) SE Runtime Environment"/>
    <property name="file.encoding" value="Cp1252"/>
    <property name="sun.nio.ch.bugLevel" value=""/>
    <property name="java.vm.name" value="Java HotSpot(TM) 64-Bit Server VM"/>
    <property name="localRepository" value="C:\Users\lenovo-pc\.m2\repository"/>
    <property name="java.vendor.url.bug" value="http://bugreport.sun.com/bugreport/"/>
    <property name="java.io.tmpdir" value="C:\Users\LENOVO~1\AppData\Local\Temp\"/>
    <property name="java.version" value="1.8.0_05"/>
    <property name="user.dir" value="D:\selenium\pro1\frameworkbuilding"/>
    <property name="os.arch" value="amd64"/>
    <property name="webdriver.gecko.driver" value="D:\seleniumrelatedstuff\firefoxdriver\geckodriver.exe"/>
    <property name="java.vm.specification.name" value="Java Virtual Machine Specification"/>
    <property name="java.awt.printerjob" value="sun.awt.windows.WPrinterJob"/>
    <property name="sun.os.patch.level" value=""/>
    <property name="java.library.path" value="C:\Program Files\Java\jdk1.8.0_05\jre\bin;C:\WINDOWS\Sun\Java\bin;C:\WINDOWS\system32;C:\WINDOWS;C:\Program Files\Java\jdk1.8.0_05\bin;D:\seleniumrelatedstuff\apache-maven-3.6.3\bin;C:\Windows\System32;C:\Program Files\Java\jdk1.8.0_05\bin;."/>
    <property name="java.vm.info" value="mixed mode"/>
    <property name="java.vendor" value="Oracle Corporation"/>
    <property name="java.vm.version" value="25.5-b02"/>
    <property name="java.ext.dirs" value="C:\Program Files\Java\jdk1.8.0_05\jre\lib\ext;C:\WINDOWS\Sun\Java\lib\ext"/>
    <property name="sun.io.unicode.encoding" value="UnicodeLittle"/>
    <property name="java.class.version" value="52.0"/>
  </properties>
  <testcase name="basePageNavigation" classname="framework.frameworkbuilding.HomePage" time="57.638"/>
  <testcase name="basePageNavigation" classname="framework.frameworkbuilding.HomePage" time="36.222"/>
  <testcase name="isPresentMenuBar" classname="framework.frameworkbuilding.MenuBarPresent" time="17.609"/>
  <testcase name="getHeadingOfCourses" classname="framework.frameworkbuilding.VerifyTitle" time="32.14"/>
</testsuite>