<?xml version="1.0" encoding="UTF-8"?>
<!-- Generated by org.testng.reporters.JUnitReportReporter -->
<testsuite skipped="0" hostname="LAPTOP-MB80RPKK" name="framework.frameworkbuilding.HomePage" tests="2" failures="0" timestamp="2020-05-21T10:59:45 IST" time="55.312" errors="0">
  <testcase name="basePageNavigation" time="21.026" classname="framework.frameworkbuilding.HomePage"/>
  <system-out/>
  <testcase name="basePageNavigation" time="34.286" classname="framework.frameworkbuilding.HomePage"/>
  <system-out/>
</testsuite> <!-- framework.frameworkbuilding.HomePage -->
