<?xml version="1.0" encoding="UTF-8"?>
<!-- Generated by org.testng.reporters.JUnitReportReporter -->
<testsuite skipped="0" hostname="LAPTOP-MB80RPKK" name="framework.frameworkbuilding.MenuBarPresent" tests="1" failures="0" timestamp="2020-06-10T18:08:39 IST" time="0.252" errors="0">
  <testcase name="isPresentMenuBar" time="0.252" classname="framework.frameworkbuilding.MenuBarPresent"/>
  <system-out/>
</testsuite> <!-- framework.frameworkbuilding.MenuBarPresent -->
