<?xml version="1.0" encoding="UTF-8"?>
<!-- Generated by org.testng.reporters.JUnitReportReporter -->
<testsuite skipped="0" hostname="LAPTOP-MB80RPKK" name="framework.frameworkbuilding.MenuBarPresent" tests="1" failures="0" timestamp="2020-05-21T10:59:46 IST" time="15.352" errors="0">
  <testcase name="isPresentMenuBar" time="15.352" classname="framework.frameworkbuilding.MenuBarPresent"/>
  <system-out/>
</testsuite> <!-- framework.frameworkbuilding.MenuBarPresent -->
