<?xml version="1.0" encoding="UTF-8"?>
<!-- Generated by org.testng.reporters.JUnitReportReporter -->
<testsuite skipped="0" hostname="LAPTOP-MB80RPKK" name="framework.frameworkbuilding.HomePage" tests="2" failures="0" timestamp="2020-06-10T18:08:39 IST" time="30.328" errors="0">
  <testcase name="basePageNavigation" time="7.969" classname="framework.frameworkbuilding.HomePage"/>
  <system-out/>
  <testcase name="basePageNavigation" time="22.359" classname="framework.frameworkbuilding.HomePage"/>
  <system-out/>
</testsuite> <!-- framework.frameworkbuilding.HomePage -->
