<?xml version="1.0" encoding="UTF-8"?>
<!-- Generated by org.testng.reporters.JUnitReportReporter -->
<testsuite skipped="0" hostname="LAPTOP-MB80RPKK" name="framework.frameworkbuilding.VerifyTitle" tests="1" failures="0" timestamp="2020-05-21T10:59:46 IST" time="19.355" errors="0">
  <testcase name="getHeadingOfCourses" time="19.355" classname="framework.frameworkbuilding.VerifyTitle"/>
  <system-out/>
</testsuite> <!-- framework.frameworkbuilding.VerifyTitle -->
