<?xml version="1.0" encoding="UTF-8"?>
<!-- Generated by org.testng.reporters.JUnitReportReporter -->
<testsuite skipped="0" hostname="LAPTOP-MB80RPKK" name="framework.frameworkbuilding.HomePage" tests="2" failures="0" timestamp="2020-05-29T06:18:22 IST" time="93.868" errors="0">
  <testcase name="basePageNavigation" time="57.634" classname="framework.frameworkbuilding.HomePage"/>
  <system-out/>
  <testcase name="basePageNavigation" time="36.234" classname="framework.frameworkbuilding.HomePage"/>
  <system-out/>
</testsuite> <!-- framework.frameworkbuilding.HomePage -->
